\BOOKMARK [0][-]{chapter.1}{\376\377\000\332\000v\000o\000d}{}
\BOOKMARK [0][-]{chapter.2}{\376\377\000P\000r\000o\000b\000l\000e\000m\000a\000t\000i\000k\000a\000\040\000o\000r\000g\000a\000n\000i\000c\000k\000\351\000\040\000c\000h\000e\000m\000i\000e}{}
\BOOKMARK [1][-]{section.2.1}{\376\377\000N\000\341\000z\000v\000o\000s\000l\000o\000v\000\355}{chapter.2}
\BOOKMARK [1][-]{section.2.2}{\376\377\000G\000r\000a\000f\000i\000c\000k\000\341\000\040\000r\000e\000p\000r\000e\000z\000e\000n\000t\000a\000c\000e\000\040\000m\000o\000l\000e\000k\000u\000l\000M\000y\000s\000i\000c\000k\000a\000:\000v\000z\000o\000r\000c\000e}{chapter.2}
\BOOKMARK [0][-]{chapter.3}{\376\377\000D\000e\000k\000o\000m\000p\000o\000z\000i\000c\000e}{}
\BOOKMARK [0][-]{chapter.4}{\376\377\000T\000e\000c\000h\000n\000i\000c\000k\000\341\000\040\000r\000e\000a\000l\000i\000z\000a\000c\000e\000\040\000-\000-\000\040\000j\000\341\000d\000r\000o}{}
\BOOKMARK [1][-]{section.4.1}{\376\377\000S\000c\000a\000n\000n\000e\000r}{chapter.4}
\BOOKMARK [1][-]{section.4.2}{\376\377\000P\000a\000r\000s\000e\000r}{chapter.4}
\BOOKMARK [1][-]{section.4.3}{\376\377\000S\000e\000m\000a\000n\000t\000i\000k\000a}{chapter.4}
\BOOKMARK [1][-]{section.4.4}{\376\377\000M\000o\000d\000e\000l}{chapter.4}
\BOOKMARK [1][-]{section.4.5}{\376\377\000G\000r\000a\000f\000i\000k\000a}{chapter.4}
\BOOKMARK [0][-]{chapter.5}{\376\377\000T\000e\000c\000h\000n\000i\000c\000k\000\341\000\040\000r\000e\000a\000l\000i\000z\000a\000c\000e\000\040\000-\000-\000\040\000r\000o\000z\000h\000r\000a\000n\000\355}{}
\BOOKMARK [1][-]{section.5.1}{\376\377\000r\000u\000n\000-\000c\000o\000n\000s\000o\000l\000e}{chapter.5}
\BOOKMARK [1][-]{section.5.2}{\376\377\000H\000T\000T\000P\000\040\000s\000e\000r\000v\000e\000r}{chapter.5}
\BOOKMARK [0][-]{chapter.6}{\376\377\000P\000r\000o\000b\000l\000\351\000m\000y\000\040\000i\000m\000p\000l\000e\000m\000e\000n\000t\000a\000c\000e}{}
\BOOKMARK [1][-]{section.6.1}{\376\377\000P\001\131\000i\000d\000\341\000v\000\341\000n\000\355\000\040\000t\000r\000i\000v\000i\000\341\000l\000n\000\355\000c\000h\000\040\000n\000\341\000z\000v\001\157}{chapter.6}
\BOOKMARK [1][-]{section.6.2}{\376\377\000T\001\131\000\355\000d\000a\000\040\000j\000a\000z\000y\000k\000a\000\040\000o\000r\000g\000a\000n\000i\000c\000k\000\351\000\040\000c\000h\000e\000m\000i\000e}{chapter.6}
\BOOKMARK [1][-]{section.6.3}{\376\377\000N\000\341\000z\000v\000y\000\040\001\015\000i\000n\000\355\000c\000\355\000\040\000k\000o\000m\000p\000l\000i\000k\000a\000c\000e}{chapter.6}
\BOOKMARK [1][-]{section.6.4}{\376\377\000K\000o\000n\000s\000t\000i\000t\000u\000c\000e\000,\000\040\000k\000o\000n\000f\000i\000g\000u\000r\000a\000c\000e\000,\000\040\000k\000o\000n\000f\000o\000r\000m\000a\000c\000e}{chapter.6}
\BOOKMARK [0][-]{chapter.7}{\376\377\000U\001\176\000i\000v\000a\000t\000e\000l\000s\000k\000\341\000\040\000d\000o\000k\000u\000m\000e\000n\000t\000a\000c\000e}{}
\BOOKMARK [1][-]{section.7.1}{\376\377\000I\000n\000s\000t\000a\000l\000a\000c\000e}{chapter.7}
\BOOKMARK [2][-]{subsection.7.1.1}{\376\377\000W\000i\000n\000d\000o\000w\000s}{section.7.1}
\BOOKMARK [2][-]{subsection.7.1.2}{\376\377\000L\000i\000n\000u\000x}{section.7.1}
\BOOKMARK [1][-]{section.7.2}{\376\377\000O\000b\000s\000l\000u\000h\000a\000\040\000p\001\131\000e\000s\000\040\000W\000W\000W\000\040\000r\000o\000z\000h\000r\000a\000n\000\355}{chapter.7}
\BOOKMARK [1][-]{section.7.3}{\376\377\000O\000b\000s\000l\000u\000h\000a\000\040\000z\000\040\000p\001\131\000\355\000k\000a\000z\000o\000v\000\351\000\040\001\131\000\341\000d\000k\000y}{chapter.7}
\BOOKMARK [1][-]{section.7.4}{\376\377\000M\000a\000n\000i\000p\000u\000l\000a\000c\000e\000\040\000s\000\040\000m\000o\000d\000e\000l\000e\000m}{chapter.7}
\BOOKMARK [1][-]{section.7.5}{\376\377\000K\000o\000n\000f\000i\000g\000u\000r\000a\000c\000e}{chapter.7}
\BOOKMARK [2][-]{subsection.7.5.1}{\376\377\000D\000a\000t\000a\000b\000\341\000z\000e\000\040\000n\000\341\000z\000v\001\157}{section.7.5}
\BOOKMARK [2][-]{subsection.7.5.2}{\376\377\000S\000k\000r\000i\000p\000t\000y}{section.7.5}
\BOOKMARK [2][-]{subsection.7.5.3}{\376\377\000W\000W\000W\000\040\000r\000o\000z\000h\000r\000a\000n\000\355}{section.7.5}
\BOOKMARK [2][-]{subsection.7.5.4}{\376\377\000V\000z\000h\000l\000e\000d\000\040\000m\000o\000d\000e\000l\000u}{section.7.5}
\BOOKMARK [0][-]{chapter.8}{\376\377\000Z\000\341\000v\001\033\000r}{}
\BOOKMARK [1][-]{section.8.1}{\376\377\000M\000o\001\176\000n\000o\000s\000t\000i\000\040\000r\000o\000z\001\141\000i\001\131\000o\000v\000\341\000n\000\355}{chapter.8}
\BOOKMARK [1][-]{section.8.2}{\376\377\000A\000l\000t\000e\000r\000n\000a\000t\000i\000v\000n\000\355\000\040\000i\000m\000p\000l\000e\000m\000e\000n\000t\000a\000c\000e}{chapter.8}
\BOOKMARK [1][-]{section.8.3}{\376\377\000P\000o\000r\000o\000v\000n\000\341\000n\000\355\000\040\000s\000\040\000e\000x\000i\000s\000t\000u\000j\000\355\000c\000\355\000m\000\040\000S\000W}{chapter.8}
\BOOKMARK [0][-]{chapter*.2}{\376\377\000P\000o\000u\001\176\000i\000t\000\341\000\040\000l\000i\000t\000e\000r\000a\000t\000u\000r\000a}{}
\BOOKMARK [0][-]{appendix.A}{\376\377\000S\000\351\000m\000a\000n\000t\000i\000k\000a\000\040\000-\000\040\000j\000a\000z\000y\000k}{}
\BOOKMARK [1][-]{section.A.1}{\376\377\000K\000o\000n\000s\000t\000a\000n\000t\000y}{appendix.A}
\BOOKMARK [1][-]{section.A.2}{\376\377\000P\000a\000r\000a\000m\000e\000t\000r\000y\000\040\000-\000-\000\040\000r\000e\000f\000e\000r\000e\000n\000c\000e}{appendix.A}
\BOOKMARK [1][-]{section.A.3}{\376\377\000I\000n\000s\000t\000r\000u\000k\000c\000e}{appendix.A}
\BOOKMARK [2][-]{subsection.A.3.1}{\376\377\000K\000o\000n\000v\000e\000n\000c\000e\000:}{section.A.3}
\BOOKMARK [2][-]{subsection.A.3.2}{\376\377\000I\000N\000T\000\040\000-\000-\000\040\001\015\000\355\000s\000l\000o}{section.A.3}
\BOOKMARK [2][-]{subsection.A.3.3}{\376\377\000S\000T\000R\000\040\000-\000-\000\040\001\131\000e\000t\001\033\000z\000e\000c}{section.A.3}
\BOOKMARK [2][-]{subsection.A.3.4}{\376\377\000M\000O\000L\000\040\000-\000-\000\040\000s\000k\000e\000l\000e\000t}{section.A.3}
\BOOKMARK [0][-]{appendix.B}{\376\377\000i\000n\000d\000e\000x\000.\000h\000t\000m}{}
\BOOKMARK [0][-]{appendix.C}{\376\377\000S\000k\000r\000i\000p\000t\000y}{}
\BOOKMARK [1][-]{section.C.1}{\376\377\000S\000T\000A\000R\000T\000.\000b\000a\000t}{appendix.C}
\BOOKMARK [1][-]{section.C.2}{\376\377\000S\000T\000A\000R\000T\000.\000s\000h}{appendix.C}
\BOOKMARK [1][-]{section.C.3}{\376\377\000r\000u\000n\000.\000b\000a\000t}{appendix.C}
\BOOKMARK [1][-]{section.C.4}{\376\377\000r\000u\000n\000.\000s\000h}{appendix.C}
\BOOKMARK [1][-]{section.C.5}{\376\377\000r\000u\000n\000-\000c\000o\000n\000s\000o\000l\000e\000.\000b\000a\000t}{appendix.C}
\BOOKMARK [1][-]{section.C.6}{\376\377\000r\000u\000n\000-\000c\000o\000n\000s\000o\000l\000e\000.\000s\000h}{appendix.C}
\BOOKMARK [0][-]{appendix.D}{\376\377\000D\000a\000t\000a\000b\000\341\000z\000o\000v\000\351\000\040\000s\000o\000u\000b\000o\000r\000y}{}
\BOOKMARK [1][-]{section.D.1}{\376\377\000s\000e\000t\000t\000i\000n\000g\000s\000.\000i\000n\000i}{appendix.D}
\BOOKMARK [1][-]{section.D.2}{\376\377\000k\000o\000n\000s\000t\000a\000n\000t\000y\000.\000t\000x\000t}{appendix.D}
\BOOKMARK [1][-]{section.D.3}{\376\377\000t\000e\000r\000m\000i\000n\000a\000l\000y\000.\000g\000r\000a}{appendix.D}
\BOOKMARK [1][-]{section.D.4}{\376\377\000g\000r\000a\000m\000a\000t\000i\000k\000a\000.\000g\000r\000a}{appendix.D}
\BOOKMARK [1][-]{section.D.5}{\376\377\000p\000r\000v\000k\000y\000.\000g\000r\000a}{appendix.D}
\BOOKMARK [1][-]{section.D.6}{\376\377\000s\000a\000b\000l\000o\000n\000a\000.\000w\000r\000l}{appendix.D}
